<?xml version='1.0'?>
<ns2:test-suite xmlns:ns2='urn:model.allure.qatools.yandex.ru' start='1526237983385' stop='1526238011712'>
    <name>Yandex mail</name>
    <title>Yandex mail</title>
    <test-cases>
        <test-case start='1526237983385' status='passed' stop='1526237994307'>
            <name>login / log out to / from the Ya mail</name>
            <title>login / log out to / from the Ya mail</title>
            <labels/>
            <parameters/>
            <steps/>
            <attachments/>
        </test-case>
        <test-case start='1526237994307' status='failed' stop='1526238007729'>
            <name>login with wrong password</name>
            <title>login with wrong password</title>
            <labels/>
            <parameters/>
            <steps/>
            <attachments/>
            <failure>
                <message>Expected 'Enter the symbols from the picture' to equal 'Неверный пароль'.</message>
                <stack-trace>Error: Failed expectation
                    at MailPage.passwordError (C:\Users\Sergey\protractor2\pages\mailPage.js:74:40)
                    at UserContext.&lt;anonymous> (C:\Users\Sergey\protractor2\specs\Yandex.mail.Spec.js:38:18)
                    at C:\Users\Sergey\AppData\Roaming\npm\node_modules\protractor\node_modules\jasminewd2\index.js:112:25
                    at new ManagedPromise (C:\Users\Sergey\AppData\Roaming\npm\node_modules\protractor\node_modules\selenium-webdriver\lib\promise.js:1077:7)
                    at ControlFlow.promise (C:\Users\Sergey\AppData\Roaming\npm\node_modules\protractor\node_modules\selenium-webdriver\lib\promise.js:2505:12)
                    at schedulerExecute (C:\Users\Sergey\AppData\Roaming\npm\node_modules\protractor\node_modules\jasminewd2\index.js:95:18)
                    at TaskQueue.execute_ (C:\Users\Sergey\AppData\Roaming\npm\node_modules\protractor\node_modules\selenium-webdriver\lib\promise.js:3084:14)
                    at TaskQueue.executeNext_ (C:\Users\Sergey\AppData\Roaming\npm\node_modules\protractor\node_modules\selenium-webdriver\lib\promise.js:3067:27)
                    at asyncRun (C:\Users\Sergey\AppData\Roaming\npm\node_modules\protractor\node_modules\selenium-webdriver\lib\promise.js:2974:25)</stack-trace>
            </failure>
        </test-case>
        <test-case start='1526238007729' status='failed' stop='1526238011709'>
            <name>login with wrong username</name>
            <title>login with wrong username</title>
            <labels/>
            <parameters/>
            <steps/>
            <attachments/>
            <failure>
                <message>Expected 'Enter the symbols from the picture' to equal 'Такого аккаунта нет'.</message>
                <stack-trace>Error: Failed expectation
                    at MailPage.usernameError (C:\Users\Sergey\protractor2\pages\mailPage.js:82:40)
                    at UserContext.&lt;anonymous> (C:\Users\Sergey\protractor2\specs\Yandex.mail.Spec.js:53:18)
                    at C:\Users\Sergey\AppData\Roaming\npm\node_modules\protractor\node_modules\jasminewd2\index.js:112:25
                    at new ManagedPromise (C:\Users\Sergey\AppData\Roaming\npm\node_modules\protractor\node_modules\selenium-webdriver\lib\promise.js:1077:7)
                    at ControlFlow.promise (C:\Users\Sergey\AppData\Roaming\npm\node_modules\protractor\node_modules\selenium-webdriver\lib\promise.js:2505:12)
                    at schedulerExecute (C:\Users\Sergey\AppData\Roaming\npm\node_modules\protractor\node_modules\jasminewd2\index.js:95:18)
                    at TaskQueue.execute_ (C:\Users\Sergey\AppData\Roaming\npm\node_modules\protractor\node_modules\selenium-webdriver\lib\promise.js:3084:14)
                    at TaskQueue.executeNext_ (C:\Users\Sergey\AppData\Roaming\npm\node_modules\protractor\node_modules\selenium-webdriver\lib\promise.js:3067:27)
                    at asyncRun (C:\Users\Sergey\AppData\Roaming\npm\node_modules\protractor\node_modules\selenium-webdriver\lib\promise.js:2974:25)</stack-trace>
            </failure>
        </test-case>
    </test-cases>
</ns2:test-suite>